  main.cpp
E:\VSlearn\openGL\model\model\shader.h(56,34): warning C4101: “e”: 未引用的局部变量
E:\VSlearn\openGL\model\model\main.cpp(218,28): warning C4244: “初始化”: 从“double”转换到“float”，可能丢失数据
E:\VSlearn\openGL\model\model\main.cpp(338,19): warning C4244: “初始化”: 从“double”转换到“float”，可能丢失数据
E:\VSlearn\openGL\model\model\main.cpp(350,31): warning C4244: “参数”: 从“double”转换到“float”，可能丢失数据
E:\VSlearn\openGL\model\model\main.cpp(355,41): warning C4305: “+=”: 从“double”到“float”截断
E:\VSlearn\openGL\model\model\main.cpp(357,41): warning C4305: “-=”: 从“double”到“float”截断
E:\VSlearn\openGL\model\model\main.cpp(359,45): warning C4305: “+=”: 从“double”到“float”截断
E:\VSlearn\openGL\model\model\main.cpp(361,45): warning C4305: “-=”: 从“double”到“float”截断
E:\VSlearn\openGL\model\model\main.cpp(363,45): warning C4305: “+=”: 从“double”到“float”截断
E:\VSlearn\openGL\model\model\main.cpp(365,45): warning C4305: “-=”: 从“double”到“float”截断
E:\VSlearn\openGL\model\model\main.cpp(367,42): warning C4305: “+=”: 从“double”到“float”截断
E:\VSlearn\openGL\model\model\main.cpp(369,42): warning C4305: “-=”: 从“double”到“float”截断
main.obj : error LNK2019: 无法解析的外部符号 glfwInit，函数 main 中引用了该符号
main.obj : error LNK2019: 无法解析的外部符号 glfwTerminate，函数 main 中引用了该符号
main.obj : error LNK2019: 无法解析的外部符号 glfwWindowHint，函数 main 中引用了该符号
main.obj : error LNK2019: 无法解析的外部符号 glfwCreateWindow，函数 main 中引用了该符号
main.obj : error LNK2019: 无法解析的外部符号 glfwDestroyWindow，函数 main 中引用了该符号
main.obj : error LNK2019: 无法解析的外部符号 glfwWindowShouldClose，函数 main 中引用了该符号
main.obj : error LNK2019: 无法解析的外部符号 glfwSetWindowShouldClose，函数 "void __cdecl processInput(struct GLFWwindow *)" (?processInput@@YAXPEAUGLFWwindow@@@Z) 中引用了该符号
main.obj : error LNK2019: 无法解析的外部符号 glfwSetFramebufferSizeCallback，函数 main 中引用了该符号
main.obj : error LNK2019: 无法解析的外部符号 glfwPollEvents，函数 main 中引用了该符号
main.obj : error LNK2019: 无法解析的外部符号 glfwSetInputMode，函数 main 中引用了该符号
main.obj : error LNK2019: 无法解析的外部符号 glfwGetKey，函数 "void __cdecl processInput(struct GLFWwindow *)" (?processInput@@YAXPEAUGLFWwindow@@@Z) 中引用了该符号
main.obj : error LNK2019: 无法解析的外部符号 glfwSetKeyCallback，函数 main 中引用了该符号
main.obj : error LNK2019: 无法解析的外部符号 glfwSetCursorPosCallback，函数 main 中引用了该符号
main.obj : error LNK2019: 无法解析的外部符号 glfwSetScrollCallback，函数 main 中引用了该符号
main.obj : error LNK2019: 无法解析的外部符号 glfwGetTime，函数 main 中引用了该符号
main.obj : error LNK2019: 无法解析的外部符号 glfwMakeContextCurrent，函数 main 中引用了该符号
main.obj : error LNK2019: 无法解析的外部符号 glfwSwapBuffers，函数 main 中引用了该符号
main.obj : error LNK2019: 无法解析的外部符号 glfwGetProcAddress，函数 main 中引用了该符号
E:\openGL\z\glfw-3.3.8.bin.WIN32\lib-vc2019\glfw3.lib : warning LNK4272: 库计算机类型“x86”与目标计算机类型“x64”冲突
E:\VSlearn\openGL\model\x64\Debug\model.exe : fatal error LNK1120: 18 个无法解析的外部命令
